<?xml version="1.0" encoding="UTF-8"?>
<!-- Generated by org.testng.reporters.JUnitXMLReporter -->
<testsuite ignored="0" hostname="DESKTOP-3T17BOV" failures="0" tests="10" name="Surefire test" time="15.837" errors="0" timestamp="2024-05-06T09:18:40 IST">
  <testcase classname="api.testcases.DDTest" name="testPostUser" time="2.55"/>
  <testcase classname="api.testcases.DDTest" name="testPostUser" time="1.16"/>
  <testcase classname="api.testcases.DDTest" name="testPostUser" time="1.153"/>
  <testcase classname="api.testcases.DDTest" name="testDeleteUserByName" time="1.193"/>
  <testcase classname="api.testcases.DDTest" name="testDeleteUserByName" time="1.165"/>
  <testcase classname="api.testcases.DDTest" name="testDeleteUserByName" time="1.148"/>
  <testcase classname="api.testcases.UserTests" name="testPostUser" time="1.138"/>
  <testcase classname="api.testcases.UserTests" name="testGetUserByName" time="1.138"/>
  <testcase classname="api.testcases.UserTests" name="testUpdateUserByName" time="2.312"/>
  <testcase classname="api.testcases.UserTests" name="testDeleteUserByName" time="1.168"/>
</testsuite> <!-- Surefire test -->
