<?xml version="1.0" encoding="UTF-8"?>
<!-- Generated by org.testng.reporters.JUnitXMLReporter -->
<testsuite ignored="0" hostname="DESKTOP-3T17BOV" failures="0" tests="6" name="Default test" time="9.24" errors="0" timestamp="2024-05-06T07:33:58 IST">
  <testcase classname="api.testcases.DDTest" name="testPostUser" time="2.43"/>
  <testcase classname="api.testcases.DDTest" name="testPostUser" time="1.151"/>
  <testcase classname="api.testcases.DDTest" name="testPostUser" time="1.174"/>
  <testcase classname="api.testcases.DDTest" name="testDeleteUserByName" time="1.165"/>
  <testcase classname="api.testcases.DDTest" name="testDeleteUserByName" time="1.157"/>
  <testcase classname="api.testcases.DDTest" name="testDeleteUserByName" time="1.174"/>
</testsuite> <!-- Default test -->
