<?xml version="1.0" encoding="UTF-8"?>
<testsuite xmlns:xsi="http://www.w3.org/2001/XMLSchema-instance" xsi:noNamespaceSchemaLocation="https://maven.apache.org/surefire/maven-surefire-plugin/xsd/surefire-test-report.xsd" name="TestSuite" time="8.82" tests="4" errors="0" skipped="0" failures="0">
  <properties>
[...]
</properties>
  <testcase name="testPostUser" classname="api.testcases.UserTests" time="2.615"/>
  <testcase name="testGetUserByName" classname="api.testcases.UserTests" time="1.18"/>
  <testcase name="testUpdateUserByName" classname="api.testcases.UserTests" time="2.378"/>
  <testcase name="testDeleteUserByName" classname="api.testcases.UserTests" time="1.143"/>
</testsuite>