<?xml version="1.0" encoding="UTF-8"?>
<testng-results ignored="0" total="4" passed="4" failed="0" skipped="0">
  <reporter-output>
  </reporter-output>
  <suite started-at="2024-05-06T09:33:14 IST" name="PetSuite" finished-at="2024-05-06T09:33:22 IST" duration-ms="8073">
    <groups>
    </groups>
    <test started-at="2024-05-06T09:33:14 IST" name="PetTests" finished-at="2024-05-06T09:33:22 IST" duration-ms="8073">
      <class name="api.testcases.UserTests">
        <test-method is-config="true" signature="setupData()[pri:0, instance:api.testcases.UserTests@6392827e]" started-at="2024-05-06T09:33:14 IST" name="setupData" finished-at="2024-05-06T09:33:14 IST" duration-ms="550" status="PASS">
          <reporter-output>
          </reporter-output>
        </test-method> <!-- setupData -->
        <test-method signature="testPostUser()[pri:1, instance:api.testcases.UserTests@6392827e]" started-at="2024-05-06T09:33:14 IST" name="testPostUser" finished-at="2024-05-06T09:33:17 IST" duration-ms="2607" status="PASS">
          <reporter-output>
          </reporter-output>
        </test-method> <!-- testPostUser -->
        <test-method signature="testGetUserByName()[pri:2, instance:api.testcases.UserTests@6392827e]" started-at="2024-05-06T09:33:17 IST" name="testGetUserByName" finished-at="2024-05-06T09:33:18 IST" duration-ms="1179" status="PASS">
          <reporter-output>
          </reporter-output>
        </test-method> <!-- testGetUserByName -->
        <test-method signature="testUpdateUserByName()[pri:3, instance:api.testcases.UserTests@6392827e]" started-at="2024-05-06T09:33:18 IST" name="testUpdateUserByName" finished-at="2024-05-06T09:33:21 IST" duration-ms="2377" status="PASS">
          <reporter-output>
          </reporter-output>
        </test-method> <!-- testUpdateUserByName -->
        <test-method signature="testDeleteUserByName()[pri:4, instance:api.testcases.UserTests@6392827e]" started-at="2024-05-06T09:33:21 IST" name="testDeleteUserByName" finished-at="2024-05-06T09:33:22 IST" duration-ms="1143" status="PASS">
          <reporter-output>
          </reporter-output>
        </test-method> <!-- testDeleteUserByName -->
      </class> <!-- api.testcases.UserTests -->
    </test> <!-- PetTests -->
  </suite> <!-- PetSuite -->
</testng-results>
