<?xml version="1.0" encoding="UTF-8"?>
<testng-results ignored="0" total="4" passed="4" failed="0" skipped="0">
  <reporter-output>
  </reporter-output>
  <suite started-at="2024-05-06T08:35:21 IST" name="PetSuite" finished-at="2024-05-06T08:35:28 IST" duration-ms="7803">
    <groups>
    </groups>
    <test started-at="2024-05-06T08:35:21 IST" name="PetTests" finished-at="2024-05-06T08:35:28 IST" duration-ms="7803">
      <class name="api.testcases.UserTests">
        <test-method is-config="true" signature="setupData()[pri:0, instance:api.testcases.UserTests@5f049ea1]" started-at="2024-05-06T08:35:21 IST" name="setupData" finished-at="2024-05-06T08:35:21 IST" duration-ms="511" status="PASS">
          <reporter-output>
          </reporter-output>
        </test-method> <!-- setupData -->
        <test-method signature="testPostUser()[pri:1, instance:api.testcases.UserTests@5f049ea1]" started-at="2024-05-06T08:35:21 IST" name="testPostUser" finished-at="2024-05-06T08:35:24 IST" duration-ms="2448" status="PASS">
          <reporter-output>
          </reporter-output>
        </test-method> <!-- testPostUser -->
        <test-method signature="testGetUserByName()[pri:2, instance:api.testcases.UserTests@5f049ea1]" started-at="2024-05-06T08:35:24 IST" name="testGetUserByName" finished-at="2024-05-06T08:35:25 IST" duration-ms="1145" status="PASS">
          <reporter-output>
          </reporter-output>
        </test-method> <!-- testGetUserByName -->
        <test-method signature="testUpdateUserByName()[pri:3, instance:api.testcases.UserTests@5f049ea1]" started-at="2024-05-06T08:35:25 IST" name="testUpdateUserByName" finished-at="2024-05-06T08:35:27 IST" duration-ms="2300" status="PASS">
          <reporter-output>
          </reporter-output>
        </test-method> <!-- testUpdateUserByName -->
        <test-method signature="testDeleteUserByName()[pri:4, instance:api.testcases.UserTests@5f049ea1]" started-at="2024-05-06T08:35:27 IST" name="testDeleteUserByName" finished-at="2024-05-06T08:35:28 IST" duration-ms="1169" status="PASS">
          <reporter-output>
          </reporter-output>
        </test-method> <!-- testDeleteUserByName -->
      </class> <!-- api.testcases.UserTests -->
    </test> <!-- PetTests -->
  </suite> <!-- PetSuite -->
</testng-results>
