<?xml version="1.0" encoding="UTF-8"?>
<!-- Generated by org.testng.reporters.JUnitXMLReporter -->
<testsuite ignored="0" hostname="DESKTOP-3T17BOV" failures="0" tests="4" name="PetTests" time="8.073" errors="0" timestamp="2024-05-06T09:33:22 IST">
  <testcase classname="api.testcases.UserTests" name="testPostUser" time="2.607"/>
  <testcase classname="api.testcases.UserTests" name="testGetUserByName" time="1.179"/>
  <testcase classname="api.testcases.UserTests" name="testUpdateUserByName" time="2.377"/>
  <testcase classname="api.testcases.UserTests" name="testDeleteUserByName" time="1.143"/>
</testsuite> <!-- PetTests -->
