<?xml version="1.0" encoding="UTF-8"?>
<!-- Generated by org.testng.reporters.JUnitXMLReporter -->
<testsuite ignored="0" hostname="DESKTOP-3T17BOV" failures="0" tests="4" name="PetTests" time="7.803" errors="0" timestamp="2024-05-06T08:35:29 IST">
  <testcase classname="api.testcases.UserTests" name="testPostUser" time="2.448"/>
  <testcase classname="api.testcases.UserTests" name="testGetUserByName" time="1.145"/>
  <testcase classname="api.testcases.UserTests" name="testUpdateUserByName" time="2.3"/>
  <testcase classname="api.testcases.UserTests" name="testDeleteUserByName" time="1.169"/>
</testsuite> <!-- PetTests -->
